SF:lib/domain/model/note/note.dart
DA:18,4
DA:20,1
LF:2
LH:2
end_of_record
SF:lib/domain/model/note/note.g.dart
DA:9,4
DA:10,2
DA:11,2
DA:12,2
DA:13,2
DA:14,2
DA:16,4
DA:17,2
DA:19,4
DA:22,2
DA:23,2
DA:24,2
DA:25,2
DA:26,2
DA:27,2
DA:28,4
DA:29,4
LF:17
LH:17
end_of_record
SF:lib/data/data_source/note_remote_data_source.dart
DA:7,2
DA:9,2
DA:10,4
DA:13,2
DA:16,2
DA:17,4
DA:23,2
DA:24,4
DA:25,8
DA:28,2
DA:29,4
DA:30,10
DA:33,2
DA:34,4
DA:35,4
DA:37,6
DA:39,4
DA:44,2
DA:45,4
DA:48,2
LF:20
LH:20
end_of_record
SF:lib/data/repository/note_repository_impl.dart
DA:9,1
DA:11,1
DA:13,2
DA:16,1
DA:18,2
DA:21,1
DA:24,2
DA:27,1
DA:31,2
DA:32,1
DA:35,1
DA:38,2
DA:39,1
LF:13
LH:13
end_of_record
SF:lib/domain/repository/note_repository.dart
DA:6,0
LF:1
LH:0
end_of_record
