SF:lib/data/data_source/note_remote_data_source.dart
DA:15,1
DA:17,1
DA:19,2
DA:22,1
DA:25,1
DA:26,2
DA:32,1
DA:34,2
DA:35,4
DA:38,1
DA:40,2
DA:41,5
DA:44,1
DA:46,2
DA:47,2
DA:49,3
DA:51,2
DA:56,1
DA:58,2
DA:61,1
LF:20
LH:20
end_of_record
SF:lib/data/repository/note_repository_failure.dart
DA:4,4
DA:6,4
LF:2
LH:2
end_of_record
SF:lib/data/repository/note_repository_impl.dart
DA:10,1
DA:12,1
DA:14,2
DA:17,1
DA:19,2
DA:20,1
DA:24,1
DA:26,2
DA:27,2
DA:31,1
DA:33,2
DA:34,2
DA:37,1
DA:39,2
DA:40,2
LF:15
LH:15
end_of_record
SF:lib/domain/model/note/note.dart
DA:18,2
DA:20,1
LF:2
LH:2
end_of_record
SF:lib/domain/model/note/note.g.dart
DA:9,2
DA:10,1
DA:11,1
DA:12,1
DA:13,1
DA:14,1
DA:16,2
DA:17,1
DA:19,2
DA:22,1
DA:23,1
DA:24,1
DA:25,1
DA:26,1
DA:27,1
DA:28,2
DA:29,2
LF:17
LH:17
end_of_record
SF:lib/domain/repository/note_repository.dart
DA:6,0
LF:1
LH:0
end_of_record
SF:lib/domain/use_case/update_note_use_case.dart
DA:8,1
DA:10,1
DA:12,3
DA:19,1
DA:20,0
DA:21,0
LF:6
LH:4
end_of_record
SF:lib/core/use_case/use_case.dart
DA:8,0
DA:9,0
LF:2
LH:0
end_of_record
SF:lib/domain/use_case/get_note_use_case.dart
DA:8,1
DA:10,1
DA:12,3
DA:19,1
DA:20,0
DA:21,0
LF:6
LH:4
end_of_record
SF:lib/domain/use_case/delete_note_use_case.dart
DA:7,1
DA:9,1
DA:11,3
DA:18,1
DA:19,0
DA:20,0
LF:6
LH:4
end_of_record
SF:lib/domain/use_case/get_notes_use_case.dart
DA:7,1
DA:9,1
DA:11,2
LF:3
LH:3
end_of_record
